Using pre-set license
Built from '2020.3/staging' branch; Version is '2020.3.0f1 (c7b5465681fb) revision 13088070'; Using compiler version '192528614'; Build Type 'Release'
OS: 'Windows 10 Pro; OS build 19042.867; Version 2009; 64bit' Language: 'nl' Physical Memory: 16330 MB
BatchMode: 1, IsHumanControllingUs: 0, StartBugReporterOnCrash: 0, Is64bit: 1, IsPro: 0

 COMMAND LINE ARGUMENTS:
C:\Program Files\Unity\Hub\Editor\2020.3.0f1\Editor\Unity.exe
-adb2
-batchMode
-noUpm
-name
AssetImportWorker0
-projectPath
D:/School/BO/Arcade-Repo-Team-20-/Project Files (Unity)/Spritesheet
-logFile
Logs/AssetImportWorker0.log
-srvPort
61389
Successfully changed project path to: D:/School/BO/Arcade-Repo-Team-20-/Project Files (Unity)/Spritesheet
D:/School/BO/Arcade-Repo-Team-20-/Project Files (Unity)/Spritesheet
Using Asset Import Pipeline V2.
Refreshing native plugins compatible for Editor in 27.04 ms, found 0 plugins.
Preloading 0 native plugins for Editor in 0.00 ms.
Initialize engine version: 2020.3.0f1 (c7b5465681fb)
[Subsystems] Discovering subsystems at path C:/Program Files/Unity/Hub/Editor/2020.3.0f1/Editor/Data/Resources/UnitySubsystems
[Subsystems] Discovering subsystems at path D:/School/BO/Arcade-Repo-Team-20-/Project Files (Unity)/Spritesheet/Assets
GfxDevice: creating device client; threaded=0
Direct3D:
    Version:  Direct3D 11.0 [level 11.1]
    Renderer: NVIDIA GeForce GTX 1070 (ID=0x1b81)
    Vendor:   
    VRAM:     8088 MB
    Driver:   27.21.14.6172
Initialize mono
Mono path[0] = 'C:/Program Files/Unity/Hub/Editor/2020.3.0f1/Editor/Data/Managed'
Mono path[1] = 'C:/Program Files/Unity/Hub/Editor/2020.3.0f1/Editor/Data/MonoBleedingEdge/lib/mono/unityjit'
Mono config path = 'C:/Program Files/Unity/Hub/Editor/2020.3.0f1/Editor/Data/MonoBleedingEdge/etc'
Using monoOptions --debugger-agent=transport=dt_socket,embedding=1,server=y,suspend=n,address=127.0.0.1:56156
Begin MonoManager ReloadAssembly
Registering precompiled unity dll's ...
Register platform support module: C:/Program Files/Unity/Hub/Editor/2020.3.0f1/Editor/Data/PlaybackEngines/WindowsStandaloneSupport/UnityEditor.WindowsStandalone.Extensions.dll
Registered in 0.002357 seconds.
Native extension for WindowsStandalone target not found
Refreshing native plugins compatible for Editor in 25.97 ms, found 0 plugins.
Preloading 0 native plugins for Editor in 0.00 ms.
Invoked RoslynAnalysisRunner static constructor.
RoslynAnalysisRunner will not be running.
RoslynAnalysisRunner has terminated.
Mono: successfully reloaded assembly
- Completed reload, in  1.212 seconds
Platform modules already initialized, skipping
Registering precompiled user dll's ...
Registered in 0.000819 seconds.
Begin MonoManager ReloadAssembly
Native extension for WindowsStandalone target not found
Refreshing native plugins compatible for Editor in 0.22 ms, found 0 plugins.
Preloading 0 native plugins for Editor in 0.00 ms.
Invoked RoslynAnalysisRunner static constructor.
RoslynAnalysisRunner will not be running.
RoslynAnalysisRunner has terminated.
Mono: successfully reloaded assembly
- Completed reload, in  0.924 seconds
Platform modules already initialized, skipping
========================================================================
Worker process is ready to serve import requests
Launched and connected shader compiler UnityShaderCompiler.exe after 0.12 seconds
Refreshing native plugins compatible for Editor in 0.20 ms, found 0 plugins.
Preloading 0 native plugins for Editor in 0.00 ms.
Unloading 1113 Unused Serialized files (Serialized files now loaded: 0)
System memory in use before: 56.8 MB.
System memory in use after: 56.9 MB.

Unloading 10 unused Assets to reduce memory usage. Loaded Objects now: 1555.
Total: 1.885400 ms (FindLiveObjects: 0.122300 ms CreateObjectMapping: 0.035700 ms MarkObjects: 1.631000 ms  DeleteObjects: 0.077600 ms)

========================================================================
Received Import Request.
  path: Assets
  artifactKey: Guid(00000000000000001000000000000000) Importer(815301076,1909f56bfc062723c751e8b465ee728b)
Start importing Assets using Guid(00000000000000001000000000000000) Importer(815301076,1909f56bfc062723c751e8b465ee728b)  -> (artifact id: '42baae205c97e3337697759514652acd') in 0.008792 seconds
  Import took 0.011220 seconds .

========================================================================
Received Import Request.
  Time since last request: 1.041296 seconds.
  path: Assets/Materials
  artifactKey: Guid(5dde687b9c03a92418d771f7d0e3175d) Importer(815301076,1909f56bfc062723c751e8b465ee728b)
Start importing Assets/Materials using Guid(5dde687b9c03a92418d771f7d0e3175d) Importer(815301076,1909f56bfc062723c751e8b465ee728b)  -> (artifact id: '52373e3b8f385f52a8ffac8cf8c8a4e8') in 0.007828 seconds
  Import took 0.010486 seconds .

========================================================================
Received Import Request.
  Time since last request: 62.858281 seconds.
  path: Assets/Materials/New Material.mat
  artifactKey: Guid(8a20222aa0ba3ac49b72877a01b3d0e5) Importer(815301076,1909f56bfc062723c751e8b465ee728b)
Start importing Assets/Materials/New Material.mat using Guid(8a20222aa0ba3ac49b72877a01b3d0e5) Importer(815301076,1909f56bfc062723c751e8b465ee728b)  -> (artifact id: 'f53c63307a82efb22d9fab796fd5b885') in 0.143506 seconds
  Import took 0.146122 seconds .

========================================================================
Received Import Request.
  Time since last request: 3.514527 seconds.
  path: Assets/Materials/spritesheet_effect.png
  artifactKey: Guid(97c59e21561bab147991d4e529ba8d9d) Importer(815301076,1909f56bfc062723c751e8b465ee728b)
Start importing Assets/Materials/spritesheet_effect.png using Guid(97c59e21561bab147991d4e529ba8d9d) Importer(815301076,1909f56bfc062723c751e8b465ee728b)  -> (artifact id: '4e88257a2a4600ccc2677c3f87385ee7') in 0.037049 seconds
  Import took 0.039948 seconds .

========================================================================
Received Prepare
Registering precompiled user dll's ...
Registered in 0.000733 seconds.
Begin MonoManager ReloadAssembly
Native extension for WindowsStandalone target not found
Refreshing native plugins compatible for Editor in 0.32 ms, found 0 plugins.
Preloading 0 native plugins for Editor in 0.00 ms.
Invoked RoslynAnalysisRunner static constructor.
RoslynAnalysisRunner will not be running.
RoslynAnalysisRunner has terminated.
Mono: successfully reloaded assembly
- Completed reload, in  0.942 seconds
Platform modules already initialized, skipping
Refreshing native plugins compatible for Editor in 0.24 ms, found 0 plugins.
Preloading 0 native plugins for Editor in 0.00 ms.
Unloading 1108 Unused Serialized files (Serialized files now loaded: 0)
System memory in use before: 60.2 MB.
System memory in use after: 60.2 MB.

Unloading 5 unused Assets to reduce memory usage. Loaded Objects now: 1599.
Total: 2.255800 ms (FindLiveObjects: 0.287700 ms CreateObjectMapping: 0.127100 ms MarkObjects: 1.775700 ms  DeleteObjects: 0.062900 ms)

========================================================================
Received Import Request.
  Time since last request: 1836.036144 seconds.
  path: Assets/Materials/New Material.mat
  artifactKey: Guid(8a20222aa0ba3ac49b72877a01b3d0e5) Importer(815301076,1909f56bfc062723c751e8b465ee728b)
Start importing Assets/Materials/New Material.mat using Guid(8a20222aa0ba3ac49b72877a01b3d0e5) Importer(815301076,1909f56bfc062723c751e8b465ee728b)  -> (artifact id: '0df9c5c08ac2dd5d9746ad11e760b096') in 0.060493 seconds
  Import took 0.063339 seconds .

AssetImportWorkerClient::OnTransportError - code=2 error=End of file
